12:50:07,100 INFORMAÇÕES [org.jboss.modules] JBoss Modules version 1.1.1.GA
12:50:07,224 INFO  [org.jboss.msc] JBoss MSC version 1.0.2.GA
12:50:07,265 INFO  [org.jboss.as] JBAS015899: JBoss AS 7.1.1.Final "Brontes" starting
12:50:07,265 DEBUG [org.jboss.as.config] Configured system properties:
	awt.toolkit = sun.awt.windows.WToolkit
	file.encoding = Cp1252
	file.encoding.pkg = sun.io
	file.separator = \
	java.awt.graphicsenv = sun.awt.Win32GraphicsEnvironment
	java.awt.printerjob = sun.awt.windows.WPrinterJob
	java.class.path = C:\Users\Suporte\Downloads\jboss-as-7.1.1.Final\jboss-as-7.1.1.Final\jboss-modules.jar
	java.class.version = 51.0
	java.endorsed.dirs = C:\Program Files\Java\jdk1.7.0_80\jre\lib\endorsed
	java.ext.dirs = C:\Program Files\Java\jdk1.7.0_80\jre\lib\ext;C:\Windows\Sun\Java\lib\ext
	java.home = C:\Program Files\Java\jdk1.7.0_80\jre
	java.io.tmpdir = C:\Users\Suporte\AppData\Local\Temp\
	java.library.path = C:\Program Files\Java\jdk1.7.0_80\bin;C:\Windows\Sun\Java\bin;C:\Windows\system32;C:\Windows;C:\Program Files (x86)\Common Files\Oracle\Java\javapath;C:\Windows\system32;C:\Windows;C:\Windows\System32\Wbem;C:\Windows\System32\WindowsPowerShell\v1.0\;C:\Python27\;C:\Python27\Scripts;C:\xampp\php;C:\ProgramData\ComposerSetup\bin;C:\Program Files\nodejs\;C:\Program Files\Git\cmd;C:\Program Files\Git\mingw64\bin;C:\Program Files\Git\usr\bin;C:\Users\Suporte\AppData\Local\Programs\Python\Python37-32\Scripts\;C:\Users\Suporte\AppData\Local\Programs\Python\Python37-32\;C:\Users\Suporte\AppData\Roaming\Composer\vendor\bin;C:\Users\Suporte\AppData\Roaming\npm;.
	java.runtime.name = Java(TM) SE Runtime Environment
	java.runtime.version = 1.7.0_80-b15
	java.specification.name = Java Platform API Specification
	java.specification.vendor = Oracle Corporation
	java.specification.version = 1.7
	java.util.logging.manager = org.jboss.logmanager.LogManager
	java.vendor = Oracle Corporation
	java.vendor.url = http://java.oracle.com/
	java.vendor.url.bug = http://bugreport.sun.com/bugreport/
	java.version = 1.7.0_80
	java.vm.info = mixed mode
	java.vm.name = Java HotSpot(TM) 64-Bit Server VM
	java.vm.specification.name = Java Virtual Machine Specification
	java.vm.specification.vendor = Oracle Corporation
	java.vm.specification.version = 1.7
	java.vm.vendor = Oracle Corporation
	java.vm.version = 24.80-b11
	javax.management.builder.initial = org.jboss.as.jmx.PluggableMBeanServerBuilder
	javax.xml.datatype.DatatypeFactory = __redirected.__DatatypeFactory
	javax.xml.parsers.DocumentBuilderFactory = __redirected.__DocumentBuilderFactory
	javax.xml.parsers.SAXParserFactory = __redirected.__SAXParserFactory
	javax.xml.stream.XMLEventFactory = __redirected.__XMLEventFactory
	javax.xml.stream.XMLInputFactory = __redirected.__XMLInputFactory
	javax.xml.stream.XMLOutputFactory = __redirected.__XMLOutputFactory
	javax.xml.transform.TransformerFactory = __redirected.__TransformerFactory
	javax.xml.validation.SchemaFactory:http://www.w3.org/2001/XMLSchema = __redirected.__SchemaFactory
	javax.xml.xpath.XPathFactory:http://java.sun.com/jaxp/xpath/dom = __redirected.__XPathFactory
	jboss.home.dir = C:\Users\Suporte\Downloads\jboss-as-7.1.1.Final\jboss-as-7.1.1.Final
	jboss.host.name = suporte-pc
	jboss.modules.dir = C:\Users\Suporte\Downloads\jboss-as-7.1.1.Final\jboss-as-7.1.1.Final\modules
	jboss.node.name = suporte-pc
	jboss.qualified.host.name = suporte-pc
	jboss.server.base.dir = C:\Users\Suporte\Downloads\jboss-as-7.1.1.Final\jboss-as-7.1.1.Final\standalone
	jboss.server.config.dir = C:\Users\Suporte\Downloads\jboss-as-7.1.1.Final\jboss-as-7.1.1.Final\standalone\configuration
	jboss.server.data.dir = C:\Users\Suporte\Downloads\jboss-as-7.1.1.Final\jboss-as-7.1.1.Final\standalone\data
	jboss.server.deploy.dir = C:\Users\Suporte\Downloads\jboss-as-7.1.1.Final\jboss-as-7.1.1.Final\standalone\data\content
	jboss.server.log.dir = C:\Users\Suporte\Downloads\jboss-as-7.1.1.Final\jboss-as-7.1.1.Final\standalone\log
	jboss.server.name = suporte-pc
	jboss.server.temp.dir = C:\Users\Suporte\Downloads\jboss-as-7.1.1.Final\jboss-as-7.1.1.Final\standalone\tmp
	line.separator = 

	logging.configuration = file:C:\Users\Suporte\Downloads\jboss-as-7.1.1.Final\jboss-as-7.1.1.Final\standalone/configuration/logging.properties
	module.path = C:\Users\Suporte\Downloads\jboss-as-7.1.1.Final\jboss-as-7.1.1.Final\modules
	org.jboss.boot.log.file = C:\Users\Suporte\Downloads\jboss-as-7.1.1.Final\jboss-as-7.1.1.Final\standalone\log\boot.log
	org.xml.sax.driver = __redirected.__XMLReaderFactory
	os.arch = amd64
	os.name = Windows 7
	os.version = 6.1
	path.separator = ;
	program.name = standalone.bat
	sun.arch.data.model = 64
	sun.boot.class.path = C:\Program Files\Java\jdk1.7.0_80\jre\lib\resources.jar;C:\Program Files\Java\jdk1.7.0_80\jre\lib\rt.jar;C:\Program Files\Java\jdk1.7.0_80\jre\lib\sunrsasign.jar;C:\Program Files\Java\jdk1.7.0_80\jre\lib\jsse.jar;C:\Program Files\Java\jdk1.7.0_80\jre\lib\jce.jar;C:\Program Files\Java\jdk1.7.0_80\jre\lib\charsets.jar;C:\Program Files\Java\jdk1.7.0_80\jre\lib\jfr.jar;C:\Program Files\Java\jdk1.7.0_80\jre\classes
	sun.boot.library.path = C:\Program Files\Java\jdk1.7.0_80\jre\bin
	sun.cpu.endian = little
	sun.cpu.isalist = amd64
	sun.desktop = windows
	sun.io.unicode.encoding = UnicodeLittle
	sun.java.command = C:\Users\Suporte\Downloads\jboss-as-7.1.1.Final\jboss-as-7.1.1.Final\jboss-modules.jar -mp C:\Users\Suporte\Downloads\jboss-as-7.1.1.Final\jboss-as-7.1.1.Final\modules -jaxpmodule javax.xml.jaxp-provider org.jboss.as.standalone -Djboss.home.dir=C:\Users\Suporte\Downloads\jboss-as-7.1.1.Final\jboss-as-7.1.1.Final
	sun.java.launcher = SUN_STANDARD
	sun.jnu.encoding = Cp1252
	sun.management.compiler = HotSpot 64-Bit Tiered Compilers
	sun.os.patch.level = Service Pack 1
	user.country = BR
	user.dir = C:\Users\Suporte\Downloads\jboss-as-7.1.1.Final\jboss-as-7.1.1.Final\bin
	user.home = C:\Users\Suporte
	user.language = pt
	user.name = Suporte
	user.script = 
	user.timezone = America/La_Paz
	user.variant = 
12:50:07,279 DEBUG [org.jboss.as.config] VM Arguments: -XX:+TieredCompilation -Dprogram.name=standalone.bat -Xms128m -Xmx512m -XX:MaxPermSize=256m -Dorg.jboss.boot.log.file=C:\Users\Suporte\Downloads\jboss-as-7.1.1.Final\jboss-as-7.1.1.Final\standalone\log\boot.log -Dlogging.configuration=file:C:\Users\Suporte\Downloads\jboss-as-7.1.1.Final\jboss-as-7.1.1.Final\standalone/configuration/logging.properties 
12:50:07,993 INFO  [org.xnio] XNIO Version 3.0.3.GA
12:50:07,993 INFO  [org.xnio.nio] XNIO NIO Implementation Version 3.0.3.GA
12:50:07,993 INFO  [org.jboss.as.server] JBAS015888: Creating http management service using socket-binding (management-http)
12:50:08,007 INFO  [org.jboss.remoting] JBoss Remoting version 3.2.3.GA
12:50:08,062 INFO  [org.jboss.as.logging] JBAS011502: Removing bootstrap log handlers
